  [1m[35m (1.1ms)[0m  [1m[34mSELECT sqlite_version(*)[0m
  [1m[35m (241.9ms)[0m  [1m[35mCREATE TABLE "schema_migrations" ("version" varchar NOT NULL PRIMARY KEY)[0m
  [1m[35m (235.8ms)[0m  [1m[35mCREATE TABLE "ar_internal_metadata" ("key" varchar NOT NULL PRIMARY KEY, "value" varchar, "created_at" datetime(6) NOT NULL, "updated_at" datetime(6) NOT NULL)[0m
  [1m[35m (0.3ms)[0m  [1m[34mSELECT "schema_migrations"."version" FROM "schema_migrations" ORDER BY "schema_migrations"."version" ASC[0m
Migrating to CreateDogs (20210117220158)
  [1m[36mTRANSACTION (0.1ms)[0m  [1m[36mbegin transaction[0m
  [1m[35m (0.5ms)[0m  [1m[35mCREATE TABLE "dogs" ("id" integer PRIMARY KEY AUTOINCREMENT NOT NULL, "name" varchar, "motto" varchar, "created_at" datetime(6) NOT NULL, "updated_at" datetime(6) NOT NULL)[0m
  [1m[36mActiveRecord::SchemaMigration Create (0.2ms)[0m  [1m[32mINSERT INTO "schema_migrations" ("version") VALUES (?)[0m  [["version", "20210117220158"]]
  [1m[36mTRANSACTION (176.8ms)[0m  [1m[36mcommit transaction[0m
  [1m[36mActiveRecord::InternalMetadata Load (0.1ms)[0m  [1m[34mSELECT "ar_internal_metadata".* FROM "ar_internal_metadata" WHERE "ar_internal_metadata"."key" = ? LIMIT ?[0m  [["key", "environment"], ["LIMIT", 1]]
  [1m[36mTRANSACTION (0.0ms)[0m  [1m[36mbegin transaction[0m
  [1m[36mActiveRecord::InternalMetadata Create (0.2ms)[0m  [1m[32mINSERT INTO "ar_internal_metadata" ("key", "value", "created_at", "updated_at") VALUES (?, ?, ?, ?)[0m  [["key", "environment"], ["value", "development"], ["created_at", "2021-01-17 22:04:19.380154"], ["updated_at", "2021-01-17 22:04:19.380154"]]
  [1m[36mTRANSACTION (154.6ms)[0m  [1m[36mcommit transaction[0m
  [1m[35m (0.2ms)[0m  [1m[34mSELECT sqlite_version(*)[0m
  [1m[35m (0.3ms)[0m  [1m[34mSELECT "schema_migrations"."version" FROM "schema_migrations" ORDER BY "schema_migrations"."version" ASC[0m
  [1m[35m (0.3ms)[0m  [1m[34mSELECT sqlite_version(*)[0m
  [1m[35m (0.1ms)[0m  [1m[34mSELECT "schema_migrations"."version" FROM "schema_migrations" ORDER BY "schema_migrations"."version" ASC[0m
  [1m[35m (0.1ms)[0m  [1m[34mSELECT sqlite_version(*)[0m
  [1m[36mTRANSACTION (0.0ms)[0m  [1m[36mbegin transaction[0m
  [1m[36mDog Create (0.2ms)[0m  [1m[32mINSERT INTO "dogs" ("name", "motto", "created_at", "updated_at") VALUES (?, ?, ?, ?)[0m  [["name", "Nala"], ["motto", "Born to be wild"], ["created_at", "2021-01-17 22:05:02.654770"], ["updated_at", "2021-01-17 22:05:02.654770"]]
  [1m[36mTRANSACTION (208.5ms)[0m  [1m[36mcommit transaction[0m
  [1m[36mTRANSACTION (0.2ms)[0m  [1m[36mbegin transaction[0m
  [1m[36mDog Create (0.7ms)[0m  [1m[32mINSERT INTO "dogs" ("name", "motto", "created_at", "updated_at") VALUES (?, ?, ?, ?)[0m  [["name", "Alex"], ["motto", "Calm as can be"], ["created_at", "2021-01-17 22:05:02.868498"], ["updated_at", "2021-01-17 22:05:02.868498"]]
  [1m[36mTRANSACTION (192.3ms)[0m  [1m[36mcommit transaction[0m
  [1m[36mTRANSACTION (0.2ms)[0m  [1m[36mbegin transaction[0m
  [1m[36mDog Create (0.8ms)[0m  [1m[32mINSERT INTO "dogs" ("name", "motto", "created_at", "updated_at") VALUES (?, ?, ?, ?)[0m  [["name", "Leroy"], ["motto", "Life of the pawty"], ["created_at", "2021-01-17 22:05:03.072996"], ["updated_at", "2021-01-17 22:05:03.072996"]]
  [1m[36mTRANSACTION (214.7ms)[0m  [1m[36mcommit transaction[0m
  [1m[36mTRANSACTION (0.2ms)[0m  [1m[36mbegin transaction[0m
  [1m[36mDog Create (0.7ms)[0m  [1m[32mINSERT INTO "dogs" ("name", "motto", "created_at", "updated_at") VALUES (?, ?, ?, ?)[0m  [["name", "Belle"], ["motto", "Miss Independent"], ["created_at", "2021-01-17 22:05:03.301060"], ["updated_at", "2021-01-17 22:05:03.301060"]]
  [1m[36mTRANSACTION (268.9ms)[0m  [1m[36mcommit transaction[0m
  [1m[35m (0.5ms)[0m  [1m[34mSELECT sqlite_version(*)[0m
  [1m[36mDog Load (0.2ms)[0m  [1m[34mSELECT "dogs".* FROM "dogs" /* loading for inspect */ LIMIT ?[0m  [["LIMIT", 11]]
